<?xml version="1.0" encoding="UTF-8"?>
<!-- Generated by org.testng.reporters.JUnitReportReporter -->
<testsuite hostname="USHYDSBRAHMAN18" failures="0" tests="1" name="cucumberOptions.TestNGTestRunner" time="9.454" errors="0" timestamp="2024-05-09T10:23:41 IST" skipped="0">
  <testcase classname="cucumberOptions.TestNGTestRunner" name="runScenario" time="9.454"/>
</testsuite> <!-- cucumberOptions.TestNGTestRunner -->
